Arguments: 
  /Users/tony/.nvm/versions/node/v8.11.2/bin/node /usr/local/Cellar/yarn/1.5.1/libexec/bin/yarn.js build-android

PATH: 
  /Users/tony/.rvm/gems/ruby-2.2.1/bin:/Users/tony/.rvm/gems/ruby-2.2.1@global/bin:/Users/tony/.rvm/rubies/ruby-2.2.1/bin:/usr/local/heroku/bin:/Users/tony/.nvm/versions/node/v8.11.2/bin:/Users/tony/.cargo/bin:/usr/local/bin:/usr/bin:/bin:/usr/sbin:/sbin:/Users/tony/.cargo/bin:/opt/X11/bin:/Library/Frameworks/Mono.framework/Versions/Current/Commands:/Users/tony/.local/bin:/Users/tony/.cabal/bin:/Applications/ghc-7.10.2.app/Contents/bin:/usr/local/bin:/usr/local/sbin:/Users/tony/.rbenv/shims:/Users/tony/.rbenv/bin:/usr/bin:/bin:/usr/sbin:/sbin:/usr/local/bin:/Users/tony/.rvm/bin:/Applications/Postgres.app/Contents/Versions/9.3/bin:/Users/tony/Library/Android/sdk/emulator:/Users/tony/Library/Android/sdk/tools:/Users/tony/Library/Android/sdk/tools/bin:/Users/tony/Library/Android/sdk/build-tools/28.0.3

Yarn version: 
  1.5.1

Node version: 
  8.11.2

Platform: 
  darwin x64

npm manifest: 
  {
    "name": "meridian",
    "version": "1.0.0",
    "main": "index.js",
    "repository": "git@github.com:tonyonodi/timezones.git",
    "author": "Tony Onodi <tonyonodi@gmail.com>",
    "license": "MIT",
    "scripts": {
    	"build-android": "cd web && yarn build && cd ../mobile && yarn build-android"
    }
  }

yarn manifest: 
  No manifest

Lockfile: 
  No lockfile

Trace: 
  Error: Command failed.
  Exit code: 1
  Command: sh
  Arguments: -c cd web && yarn build && cd ../mobile && yarn build-android
  Directory: /Users/tony/projects/meridian
  Output:
  
      at ProcessTermError.MessageError (/usr/local/Cellar/yarn/1.5.1/libexec/lib/cli.js:186:110)
      at new ProcessTermError (/usr/local/Cellar/yarn/1.5.1/libexec/lib/cli.js:226:113)
      at ChildProcess.<anonymous> (/usr/local/Cellar/yarn/1.5.1/libexec/lib/cli.js:30281:17)
      at emitTwo (events.js:126:13)
      at ChildProcess.emit (events.js:214:7)
      at maybeClose (internal/child_process.js:925:16)
      at Process.ChildProcess._handle.onexit (internal/child_process.js:209:5)
